VirtualBox XPCOM Server 5.1.12 r112440 linux.amd64 (Dec 21 2016 12:52:39) release log
00:00:00.000099 main     Log opened 2016-12-30T02:29:14.599965000Z
00:00:00.000100 main     Build Type: release
00:00:00.000102 main     OS Product: Linux
00:00:00.000103 main     OS Release: 4.8.13-1-ARCH
00:00:00.000103 main     OS Version: #1 SMP PREEMPT Fri Dec 9 07:24:34 CET 2016
00:00:00.000117 main     DMI Product Name: VirtualBox
00:00:00.000122 main     DMI Product Version: 1.2
00:00:00.000144 main     Host RAM: 3956MB (3.8GB) total, 3806MB (3.7GB) available
00:00:00.000147 main     Executable: /usr/lib/virtualbox/VBoxSVC
00:00:00.000147 main     Process ID: 9428
00:00:00.000148 main     Package type: LINUX_64BITS_GENERIC (OSE)
00:00:00.001095 main     IPC socket path: /tmp/.vbox-spencer-ipc/ipcd
00:00:00.103864 nspr-2   VirtualBox: object creation starts
00:00:00.103915 nspr-2   Home directory: '/home/spencer/.config/VirtualBox'
00:00:00.104473 nspr-2   NAT: resolv.conf: nameserver 192.168.1.254
00:00:00.104481 nspr-2   NAT: resolv.conf: nameserver 75.153.171.122
00:00:00.104486 nspr-2   HostDnsMonitor: old information
00:00:00.104488 nspr-2     no server entries
00:00:00.104489 nspr-2     no domain set
00:00:00.104490 nspr-2     no search string entries
00:00:00.104491 nspr-2   HostDnsMonitor: new information
00:00:00.104492 nspr-2     server 1: 192.168.1.254
00:00:00.104493 nspr-2     server 2: 75.153.171.122
00:00:00.104494 nspr-2     no domain set
00:00:00.104495 nspr-2     no search string entries
00:00:00.104498 nspr-2   HostDnsMonitorProxy::notify
00:00:00.106193 nspr-2   VD: VDInit finished
00:00:00.106234 nspr-2   ERROR [COM]: aRC=NS_ERROR_FAILURE (0x80004005) aIID={0eb668d2-495e-5a36-8890-29999b5f030c} aComponent={SystemPropertiesWrap} aText={Cannot determine default Guest Additions ISO location. Most likely they are not available}, preserve=false aResultDetail=0
00:00:00.106441 nspr-2   VirtualBox: object created
00:00:09.287063 main     VirtualBox: object deletion starts
00:00:09.624651 Watcher  ERROR [COM]: aRC=E_ACCESSDENIED (0x80070005) aIID={0169423f-46b4-cde9-91af-1e9d5b6cd945} aComponent={VirtualBoxWrap} aText={The object is not ready}, preserve=false aResultDetail=0
00:00:14.287587 main     {00007f9738013dd0} HostPowerServiceLinux::~HostPowerServiceLinux: RTThreadWait() for 5000 ms failed with VERR_TIMEOUT
00:00:14.288376 main     VirtualBox: object deleted
